Arguments: 
  C:\Program Files\nodejs\node.exe C:\Users\long\AppData\Roaming\npm\node_modules\yarn\bin\yarn.js test

PATH: 
  C:\Windows\system32;C:\Windows;C:\Windows\System32\Wbem;C:\Windows\System32\WindowsPowerShell\v1.0\;C:\Windows\System32\OpenSSH\;C:\Program Files (x86)\NVIDIA Corporation\PhysX\Common;C:\Program Files\NVIDIA Corporation\NVIDIA NvDLISR;C:\Program Files\nodejs\;C:\Users\long\AppData\Local\Microsoft\WindowsApps;;C:\Users\long\AppData\Local\Programs\Microsoft VS Code\bin;C:\Users\long\AppData\Roaming\npm

Yarn version: 
  1.22.17

Node version: 
  16.14.0

Platform: 
  win32 x64

Trace: 
  SyntaxError: C:\Users\long\WebstormProjects\automations\package.json: Unexpected token ' in JSON at position 119
      at JSON.parse (<anonymous>)
      at C:\Users\long\AppData\Roaming\npm\node_modules\yarn\lib\cli.js:1625:59
      at Generator.next (<anonymous>)
      at step (C:\Users\long\AppData\Roaming\npm\node_modules\yarn\lib\cli.js:310:30)
      at C:\Users\long\AppData\Roaming\npm\node_modules\yarn\lib\cli.js:321:13

npm manifest: 
  {
    "name": "automations",
    "version": "1.0.0",
    "description": "",
    "main": "index.js",
    "scripts": {
      "test": 'npx playwright test --browser=webkit --headed'
    },
    "keywords": [],
    "author": "",
    "license": "ISC",
    "devDependencies": {
      "@playwright/test": "^1.19.2"
    }
  }

yarn manifest: 
  No manifest

Lockfile: 
  No lockfile
